UnityProject/androidBuild/unityLibrary/build/intermediates/manifest_merge_blame_file/release/manifest-merger-blame-release-report.txt
1<?xml version="1.0" encoding="utf-8"?>
2<!-- GENERATED BY UNITY. REMOVE THIS COMMENT TO PREVENT OVERWRITING WHEN EXPORTING AGAIN -->
3<manifest xmlns:android="http://schemas.android.com/apk/res/android"
4    xmlns:tools="http://schemas.android.com/tools"
5    package="com.unity3d.player"
6    android:versionCode="1"
7    android:versionName="1.0" >
8
9    <uses-sdk
10        android:minSdkVersion="19"
10-->src\main\AndroidManifest.xml
11        android:targetSdkVersion="28" />
11-->src\main\AndroidManifest.xml
12
13    <uses-feature android:glEsVersion="0x00020000" />
13-->src\main\AndroidManifest.xml:18:3-52
13-->src\main\AndroidManifest.xml:18:17-49
14    <uses-feature
14-->src\main\AndroidManifest.xml:19:3-88
15        android:name="android.hardware.touchscreen"
15-->src\main\AndroidManifest.xml:19:17-60
16        android:required="false" />
16-->src\main\AndroidManifest.xml:19:61-85
17    <uses-feature
17-->src\main\AndroidManifest.xml:20:3-99
18        android:name="android.hardware.touchscreen.multitouch"
18-->src\main\AndroidManifest.xml:20:17-71
19        android:required="false" />
19-->src\main\AndroidManifest.xml:20:72-96
20    <uses-feature
20-->src\main\AndroidManifest.xml:21:3-108
21        android:name="android.hardware.touchscreen.multitouch.distinct"
21-->src\main\AndroidManifest.xml:21:17-80
22        android:required="false" />
22-->src\main\AndroidManifest.xml:21:81-105
23
24    <application>
24-->src\main\AndroidManifest.xml:4:3-17:17
25        <activity
25-->src\main\AndroidManifest.xml:5:5-12:16
26            android:name="com.unity3d.player.UnityPlayerActivity"
26-->src\main\AndroidManifest.xml:5:15-68
27            android:configChanges="mcc|mnc|locale|touchscreen|keyboard|keyboardHidden|navigation|orientation|screenLayout|uiMode|screenSize|smallestScreenSize|fontScale|layoutDirection|density"
27-->src\main\AndroidManifest.xml:5:182-363
28            android:hardwareAccelerated="false"
28-->src\main\AndroidManifest.xml:5:364-399
29            android:launchMode="singleTask"
29-->src\main\AndroidManifest.xml:5:150-181
30            android:screenOrientation="fullSensor"
30-->src\main\AndroidManifest.xml:5:111-149
31            android:theme="@style/UnityThemeSelector" >
31-->src\main\AndroidManifest.xml:5:69-110
32
33            <!-- <intent-filter> -->
34            <!-- <action android:name="android.intent.action.MAIN" /> -->
35            <!-- <category android:name="android.intent.category.LAUNCHER" /> -->
36            <!-- </intent-filter> -->
37            <meta-data
37-->src\main\AndroidManifest.xml:10:7-82
38                android:name="unityplayer.UnityActivity"
38-->src\main\AndroidManifest.xml:10:18-58
39                android:value="true" />
39-->src\main\AndroidManifest.xml:10:59-79
40            <meta-data
40-->src\main\AndroidManifest.xml:11:7-78
41                android:name="android.notch_support"
41-->src\main\AndroidManifest.xml:11:18-54
42                android:value="true" />
42-->src\main\AndroidManifest.xml:11:55-75
43        </activity>
44
45        <meta-data
45-->src\main\AndroidManifest.xml:13:5-69
46            android:name="unity.splash-mode"
46-->src\main\AndroidManifest.xml:13:16-48
47            android:value="0" />
47-->src\main\AndroidManifest.xml:13:49-66
48        <meta-data
48-->src\main\AndroidManifest.xml:14:5-74
49            android:name="unity.splash-enable"
49-->src\main\AndroidManifest.xml:14:16-50
50            android:value="True" />
50-->src\main\AndroidManifest.xml:14:51-71
51        <meta-data
51-->src\main\AndroidManifest.xml:15:5-81
52            android:name="notch.config"
52-->src\main\AndroidManifest.xml:15:16-43
53            android:value="portrait|landscape" />
53-->src\main\AndroidManifest.xml:15:44-78
54        <meta-data
54-->src\main\AndroidManifest.xml:16:5-101
55            android:name="unity.build-id"
55-->src\main\AndroidManifest.xml:16:16-45
56            android:value="512a982c-9f4c-4a7a-9ff6-e7e0078fa75a" />
56-->src\main\AndroidManifest.xml:16:46-98
57    </application>
58
59</manifest>